0	00:02:09.953	KDJ EURUSD,M30: uninit reason 2
0	00:02:09.956	Custom indicator KDJ EURUSD,M30: removed
0	00:02:09.974	Custom indicator KDJ EURUSD,M30: loaded successfully
0	00:02:09.999	KDJ EURUSD,M30: initialized
0	00:02:21.149	KDJ EURUSD,M30: uninit reason 2
0	00:02:21.154	Custom indicator KDJ EURUSD,M30: removed
0	00:02:21.173	Custom indicator KDJ EURUSD,M30: loaded successfully
0	00:02:21.197	KDJ EURUSD,M30: initialized
0	00:03:47.929	KDJ EURUSD,M30: uninit reason 2
0	00:03:47.931	Custom indicator KDJ EURUSD,M30: removed
0	00:03:47.949	Custom indicator KDJ EURUSD,M30: loaded successfully
0	00:03:47.973	KDJ EURUSD,M30: initialized
0	00:04:01.558	KDJ EURUSD,M30: uninit reason 2
0	00:04:01.561	Custom indicator KDJ EURUSD,M30: removed
0	00:04:01.578	Custom indicator KDJ EURUSD,M30: loaded successfully
0	00:04:01.602	KDJ EURUSD,M30: initialized
0	00:04:34.541	KDJ EURUSD,M30: uninit reason 2
0	00:04:34.544	Custom indicator KDJ EURUSD,M30: removed
0	00:04:34.561	Custom indicator KDJ EURUSD,M30: loaded successfully
0	00:04:34.585	KDJ EURUSD,M30: initialized
0	00:05:31.248	KDJ EURUSD,M30: uninit reason 2
0	00:05:31.251	Custom indicator KDJ EURUSD,M30: removed
0	00:05:31.272	Custom indicator KDJ EURUSD,M30: loaded successfully
0	00:05:31.297	KDJ EURUSD,M30: initialized
0	00:05:46.452	KDJ EURUSD,M30: uninit reason 2
0	00:05:46.455	Custom indicator KDJ EURUSD,M30: removed
0	00:05:46.474	Custom indicator KDJ EURUSD,M30: loaded successfully
0	00:05:46.497	KDJ EURUSD,M30: initialized
0	00:07:08.337	KDJ EURUSD,M30: uninit reason 2
0	00:07:08.339	Custom indicator KDJ EURUSD,M30: removed
0	00:07:08.356	Custom indicator KDJ EURUSD,M30: loaded successfully
0	00:07:08.384	KDJ EURUSD,M30: initialized
0	00:14:02.196	KDJ EURUSD,M30: uninit reason 2
0	00:14:02.199	Custom indicator KDJ EURUSD,M30: removed
0	00:14:02.221	Custom indicator KDJ EURUSD,M30: loaded successfully
0	00:14:02.244	KDJ EURUSD,M30: initialized
0	00:14:08.335	KDJ EURUSD,M30: uninit reason 2
0	00:14:08.339	Custom indicator KDJ EURUSD,M30: removed
0	00:14:08.370	Custom indicator KDJ EURUSD,M30: loaded successfully
0	00:14:08.393	KDJ EURUSD,M30: initialized
0	00:14:12.569	KDJ EURUSD,M30: uninit reason 2
0	00:14:12.572	Custom indicator KDJ EURUSD,M30: removed
0	00:14:12.590	Custom indicator KDJ EURUSD,M30: loaded successfully
0	00:14:12.614	KDJ EURUSD,M30: initialized
0	00:23:36.891	KDJ EURUSD,M30: uninit reason 2
0	00:23:36.894	Custom indicator KDJ EURUSD,M30: removed
0	00:23:36.911	Custom indicator KDJ EURUSD,M30: loaded successfully
0	00:23:36.936	KDJ EURUSD,M30: initialized
0	00:24:25.617	KDJ EURUSD,M30: uninit reason 2
0	00:24:25.620	Custom indicator KDJ EURUSD,M30: removed
0	00:24:25.637	Custom indicator KDJ EURUSD,M30: loaded successfully
0	00:24:25.660	KDJ EURUSD,M30: initialized
0	00:25:00.086	KDJ EURUSD,M30: uninit reason 2
0	00:25:00.089	Custom indicator KDJ EURUSD,M30: removed
0	00:25:00.107	Custom indicator KDJ EURUSD,M30: loaded successfully
0	00:25:00.130	KDJ EURUSD,M30: initialized
0	00:26:59.621	KDJ EURUSD,M30: uninit reason 2
0	00:26:59.624	Custom indicator KDJ EURUSD,M30: removed
0	00:26:59.642	Custom indicator KDJ EURUSD,M30: loaded successfully
0	00:26:59.669	KDJ EURUSD,M30: initialized
0	00:27:33.933	KDJ EURUSD,M30: uninit reason 5
0	00:27:33.962	KDJ EURUSD,M30: initialized
0	00:28:13.705	KDJ EURUSD,M30: uninit reason 2
0	00:28:13.708	Custom indicator KDJ EURUSD,M30: removed
0	00:28:13.728	Custom indicator KDJ EURUSD,M30: loaded successfully
0	00:28:13.758	KDJ EURUSD,M30: initialized
0	00:28:34.397	KDJ EURUSD,M30: uninit reason 2
0	00:28:34.400	Custom indicator KDJ EURUSD,M30: removed
0	00:28:34.422	Custom indicator KDJ EURUSD,M30: loaded successfully
0	00:28:34.449	KDJ EURUSD,M30: initialized
0	00:29:00.883	KDJ EURUSD,M30: uninit reason 2
0	00:29:00.886	Custom indicator KDJ EURUSD,M30: removed
0	00:29:00.904	Custom indicator KDJ EURUSD,M30: loaded successfully
0	00:29:00.928	KDJ EURUSD,M30: initialized
0	00:29:13.700	KDJ EURUSD,M30: uninit reason 1
0	00:29:13.702	Custom indicator KDJ EURUSD,M30: removed
0	00:29:17.617	Custom indicator KDJ EURUSD,M30: loaded successfully
0	00:29:28.976	KDJ EURUSD,M30: initialized
0	00:30:02.586	KDJ EURUSD,M30: uninit reason 2
0	00:30:02.589	Custom indicator KDJ EURUSD,M30: removed
0	00:30:02.606	Custom indicator KDJ EURUSD,M30: loaded successfully
0	00:30:02.630	KDJ EURUSD,M30: initialized
0	00:31:12.425	反马丁 EURUSD,M30: uninit reason 2
0	00:31:12.425	反马丁 EURUSD,M30: =====================================Hello World! deinit
0	00:31:12.440	Expert 反马丁 EURUSD,M30: removed
0	00:31:12.464	Expert 反马丁 EURUSD,M30: loaded successfully
0	00:31:12.502	反马丁 EURUSD,M30: initialized
0	00:31:16.406	KDJ EURUSD,M30: uninit reason 2
0	00:31:16.410	Custom indicator KDJ EURUSD,M30: removed
0	00:31:16.431	Custom indicator KDJ EURUSD,M30: loaded successfully
0	00:31:16.455	KDJ EURUSD,M30: initialized
0	00:32:20.348	KDJ EURUSD,M30: uninit reason 5
0	00:32:20.727	KDJ EURUSD,M30: initialized
0	00:32:20.828	KDJ EURUSD,M30: uninit reason 5
0	00:32:26.339	KDJ EURUSD,M30: initialized
0	00:32:28.604	KDJ EURUSD,M30: uninit reason 5
0	00:32:29.439	KDJ EURUSD,M30: initialized
0	00:33:40.057	反马丁 EURUSD,M30: uninit reason 9
0	00:33:40.057	反马丁 EURUSD,M30: =====================================Hello World! deinit
0	00:33:40.057	MACD主图均线 EURUSD,M30: uninit reason 9
0	00:33:40.057	MACDWithX EURUSD,M30: uninit reason 9
0	00:33:40.058	KDJ EURUSD,M30: uninit reason 9
0	00:33:40.224	Expert 反马丁 EURUSD,M30: removed
0	00:33:40.302	Custom indicator MACD主图均线 EURUSD,M30: removed
0	00:33:40.321	Custom indicator MACDWithX EURUSD,M30: removed
0	00:33:40.327	Custom indicator KDJ EURUSD,M30: removed
